<?xml version="1.0" encoding="UTF-8"?>
<!-- Generated by org.testng.reporters.JUnitXMLReporter -->
<testsuite hostname="Rohit-pc" ignored="0" name="Default test" tests="2" failures="0" timestamp="01 Mar 2019 07:16:50 GMT" time="31.893" errors="0">
  <testcase name="VerifyLogin" time="18.575" classname="com.primusbank.TestCase.PrimusBankTestCaseNew"/>
  <testcase name="NavigateToBranchesPage" time="13.274" classname="com.primusbank.TestCase.PrimusBankTestCaseNew"/>
</testsuite> <!-- Default test -->
