<?xml version="1.0" encoding="UTF-8"?>
<testng-results skipped="0" failed="0" ignored="0" total="2" passed="2">
  <reporter-output>
  </reporter-output>
  <suite name="Default suite" duration-ms="31893" started-at="2019-03-01T07:16:18Z" finished-at="2019-03-01T07:16:50Z">
    <groups>
    </groups>
    <test name="Default test" duration-ms="31893" started-at="2019-03-01T07:16:18Z" finished-at="2019-03-01T07:16:50Z">
      <class name="com.primusbank.TestCase.PrimusBankTestCaseNew">
        <test-method status="PASS" signature="VerifyLogin()[pri:0, instance:com.primusbank.TestCase.PrimusBankTestCaseNew@457e2f02]" name="VerifyLogin" duration-ms="18575" started-at="2019-03-01T07:16:18Z" finished-at="2019-03-01T07:16:37Z">
          <reporter-output>
          </reporter-output>
        </test-method> <!-- VerifyLogin -->
        <test-method status="PASS" signature="NavigateToBranchesPage()[pri:1, instance:com.primusbank.TestCase.PrimusBankTestCaseNew@457e2f02]" name="NavigateToBranchesPage" duration-ms="13274" started-at="2019-03-01T07:16:37Z" finished-at="2019-03-01T07:16:50Z">
          <reporter-output>
          </reporter-output>
        </test-method> <!-- NavigateToBranchesPage -->
      </class> <!-- com.primusbank.TestCase.PrimusBankTestCaseNew -->
    </test> <!-- Default test -->
  </suite> <!-- Default suite -->
</testng-results>
